{"C:\\Local\\Code\\ai-tools\\medical-data-app\\src\\domain\\models\\family-member.ts": {"path":"C:\\Local\\Code\\ai-tools\\medical-data-app\\src\\domain\\models\\family-member.ts","statementMap":{"0":{"start":{"line":7,"column":46},"end":{"line":7,"column":null}},"1":{"start":{"line":14,"column":2},"end":{"line":14,"column":null}}},"fnMap":{"0":{"name":"createFamilyMember","decl":{"start":{"line":9,"column":16},"end":{"line":9,"column":null}},"loc":{"start":{"line":13,"column":16},"end":{"line":15,"column":null}},"line":13}},"branchMap":{},"s":{"0":1,"1":2},"f":{"0":2},"b":{},"meta":{"lastBranch":0,"lastFunction":1,"lastStatement":2,"seen":{"s:7:46:7:Infinity":0,"f:9:16:9:Infinity":0,"s:14:2:14:Infinity":1}}}
,"C:\\Local\\Code\\ai-tools\\medical-data-app\\src\\domain\\models\\medical-event.ts": {"path":"C:\\Local\\Code\\ai-tools\\medical-data-app\\src\\domain\\models\\medical-event.ts","statementMap":{"0":{"start":{"line":1,"column":27},"end":{"line":8,"column":null}}},"fnMap":{},"branchMap":{},"s":{"0":5},"f":{},"b":{},"meta":{"lastBranch":0,"lastFunction":0,"lastStatement":1,"seen":{"s:1:27:8:Infinity":0}}}
,"C:\\Local\\Code\\ai-tools\\medical-data-app\\src\\domain\\validators\\event-photo-validator.ts": {"path":"C:\\Local\\Code\\ai-tools\\medical-data-app\\src\\domain\\validators\\event-photo-validator.ts","statementMap":{"0":{"start":{"line":5,"column":37},"end":{"line":5,"column":null}},"1":{"start":{"line":7,"column":2},"end":{"line":9,"column":null}},"2":{"start":{"line":8,"column":4},"end":{"line":8,"column":null}},"3":{"start":{"line":11,"column":2},"end":{"line":13,"column":null}},"4":{"start":{"line":12,"column":4},"end":{"line":12,"column":null}},"5":{"start":{"line":15,"column":2},"end":{"line":17,"column":null}},"6":{"start":{"line":16,"column":4},"end":{"line":16,"column":null}},"7":{"start":{"line":19,"column":2},"end":{"line":19,"column":null}}},"fnMap":{"0":{"name":"validarVincularFoto","decl":{"start":{"line":4,"column":16},"end":{"line":4,"column":36}},"loc":{"start":{"line":4,"column":77},"end":{"line":20,"column":null}},"line":4}},"branchMap":{"0":{"loc":{"start":{"line":7,"column":2},"end":{"line":9,"column":null}},"type":"if","locations":[{"start":{"line":7,"column":2},"end":{"line":9,"column":null}},{"start":{},"end":{}}],"line":7},"1":{"loc":{"start":{"line":7,"column":6},"end":{"line":7,"column":49}},"type":"binary-expr","locations":[{"start":{"line":7,"column":6},"end":{"line":7,"column":25}},{"start":{"line":7,"column":25},"end":{"line":7,"column":49}}],"line":7},"2":{"loc":{"start":{"line":11,"column":2},"end":{"line":13,"column":null}},"type":"if","locations":[{"start":{"line":11,"column":2},"end":{"line":13,"column":null}},{"start":{},"end":{}}],"line":11},"3":{"loc":{"start":{"line":11,"column":6},"end":{"line":11,"column":63}},"type":"binary-expr","locations":[{"start":{"line":11,"column":6},"end":{"line":11,"column":32}},{"start":{"line":11,"column":32},"end":{"line":11,"column":63}}],"line":11},"4":{"loc":{"start":{"line":15,"column":2},"end":{"line":17,"column":null}},"type":"if","locations":[{"start":{"line":15,"column":2},"end":{"line":17,"column":null}},{"start":{},"end":{}}],"line":15},"5":{"loc":{"start":{"line":15,"column":6},"end":{"line":15,"column":61}},"type":"binary-expr","locations":[{"start":{"line":15,"column":6},"end":{"line":15,"column":31}},{"start":{"line":15,"column":31},"end":{"line":15,"column":61}}],"line":15}},"s":{"0":6,"1":6,"2":2,"3":6,"4":2,"5":6,"6":2,"7":6},"f":{"0":6},"b":{"0":[2,4],"1":[6,4],"2":[2,4],"3":[6,4],"4":[2,4],"5":[6,4]},"meta":{"lastBranch":6,"lastFunction":1,"lastStatement":8,"seen":{"f:4:16:4:36":0,"s:5:37:5:Infinity":0,"b:7:2:9:Infinity:undefined:undefined:undefined:undefined":0,"s:7:2:9:Infinity":1,"b:7:6:7:25:7:25:7:49":1,"s:8:4:8:Infinity":2,"b:11:2:13:Infinity:undefined:undefined:undefined:undefined":2,"s:11:2:13:Infinity":3,"b:11:6:11:32:11:32:11:63":3,"s:12:4:12:Infinity":4,"b:15:2:17:Infinity:undefined:undefined:undefined:undefined":4,"s:15:2:17:Infinity":5,"b:15:6:15:31:15:31:15:61":5,"s:16:4:16:Infinity":6,"s:19:2:19:Infinity":7}}}
,"C:\\Local\\Code\\ai-tools\\medical-data-app\\src\\domain\\validators\\medical-event-validator.ts": {"path":"C:\\Local\\Code\\ai-tools\\medical-data-app\\src\\domain\\validators\\medical-event-validator.ts","statementMap":{"0":{"start":{"line":14,"column":23},"end":{"line":14,"column":null}},"1":{"start":{"line":17,"column":2},"end":{"line":17,"column":null}},"2":{"start":{"line":17,"column":37},"end":{"line":17,"column":null}},"3":{"start":{"line":18,"column":15},"end":{"line":18,"column":null}},"4":{"start":{"line":19,"column":2},"end":{"line":19,"column":null}},"5":{"start":{"line":23,"column":2},"end":{"line":23,"column":null}},"6":{"start":{"line":27,"column":37},"end":{"line":27,"column":null}},"7":{"start":{"line":29,"column":2},"end":{"line":33,"column":null}},"8":{"start":{"line":30,"column":4},"end":{"line":30,"column":null}},"9":{"start":{"line":31,"column":2},"end":{"line":33,"column":null}},"10":{"start":{"line":32,"column":4},"end":{"line":32,"column":null}},"11":{"start":{"line":35,"column":2},"end":{"line":42,"column":null}},"12":{"start":{"line":36,"column":4},"end":{"line":36,"column":null}},"13":{"start":{"line":37,"column":2},"end":{"line":42,"column":null}},"14":{"start":{"line":38,"column":4},"end":{"line":41,"column":null}},"15":{"start":{"line":44,"column":2},"end":{"line":46,"column":null}},"16":{"start":{"line":45,"column":4},"end":{"line":45,"column":null}},"17":{"start":{"line":48,"column":2},"end":{"line":50,"column":null}},"18":{"start":{"line":49,"column":4},"end":{"line":49,"column":null}},"19":{"start":{"line":52,"column":2},"end":{"line":52,"column":null}},"20":{"start":{"line":56,"column":37},"end":{"line":56,"column":null}},"21":{"start":{"line":58,"column":2},"end":{"line":64,"column":null}},"22":{"start":{"line":59,"column":4},"end":{"line":63,"column":null}},"23":{"start":{"line":60,"column":6},"end":{"line":60,"column":null}},"24":{"start":{"line":61,"column":4},"end":{"line":63,"column":null}},"25":{"start":{"line":62,"column":6},"end":{"line":62,"column":null}},"26":{"start":{"line":66,"column":2},"end":{"line":75,"column":null}},"27":{"start":{"line":67,"column":4},"end":{"line":74,"column":null}},"28":{"start":{"line":68,"column":6},"end":{"line":68,"column":null}},"29":{"start":{"line":69,"column":4},"end":{"line":74,"column":null}},"30":{"start":{"line":70,"column":6},"end":{"line":73,"column":null}},"31":{"start":{"line":77,"column":2},"end":{"line":79,"column":null}},"32":{"start":{"line":78,"column":4},"end":{"line":78,"column":null}},"33":{"start":{"line":81,"column":2},"end":{"line":83,"column":null}},"34":{"start":{"line":82,"column":4},"end":{"line":82,"column":null}},"35":{"start":{"line":85,"column":2},"end":{"line":85,"column":null}}},"fnMap":{"0":{"name":"isValidDate","decl":{"start":{"line":16,"column":9},"end":{"line":16,"column":21}},"loc":{"start":{"line":16,"column":47},"end":{"line":20,"column":null}},"line":16},"1":{"name":"isValidEventType","decl":{"start":{"line":22,"column":9},"end":{"line":22,"column":26}},"loc":{"start":{"line":22,"column":59},"end":{"line":24,"column":null}},"line":22},"2":{"name":"validarCrearEvento","decl":{"start":{"line":26,"column":16},"end":{"line":26,"column":35}},"loc":{"start":{"line":26,"column":85},"end":{"line":53,"column":null}},"line":26},"3":{"name":"validarActualizarEvento","decl":{"start":{"line":55,"column":16},"end":{"line":55,"column":40}},"loc":{"start":{"line":55,"column":90},"end":{"line":86,"column":null}},"line":55}},"branchMap":{"0":{"loc":{"start":{"line":17,"column":2},"end":{"line":17,"column":null}},"type":"if","locations":[{"start":{"line":17,"column":2},"end":{"line":17,"column":null}},{"start":{},"end":{}}],"line":17},"1":{"loc":{"start":{"line":29,"column":2},"end":{"line":33,"column":null}},"type":"if","locations":[{"start":{"line":29,"column":2},"end":{"line":33,"column":null}},{"start":{"line":31,"column":2},"end":{"line":33,"column":null}}],"line":29},"2":{"loc":{"start":{"line":29,"column":6},"end":{"line":29,"column":43}},"type":"binary-expr","locations":[{"start":{"line":29,"column":6},"end":{"line":29,"column":22}},{"start":{"line":29,"column":22},"end":{"line":29,"column":43}}],"line":29},"3":{"loc":{"start":{"line":31,"column":2},"end":{"line":33,"column":null}},"type":"if","locations":[{"start":{"line":31,"column":2},"end":{"line":33,"column":null}},{"start":{},"end":{}}],"line":31},"4":{"loc":{"start":{"line":35,"column":2},"end":{"line":42,"column":null}},"type":"if","locations":[{"start":{"line":35,"column":2},"end":{"line":42,"column":null}},{"start":{"line":37,"column":2},"end":{"line":42,"column":null}}],"line":35},"5":{"loc":{"start":{"line":35,"column":6},"end":{"line":35,"column":41}},"type":"binary-expr","locations":[{"start":{"line":35,"column":6},"end":{"line":35,"column":21}},{"start":{"line":35,"column":21},"end":{"line":35,"column":41}}],"line":35},"6":{"loc":{"start":{"line":37,"column":2},"end":{"line":42,"column":null}},"type":"if","locations":[{"start":{"line":37,"column":2},"end":{"line":42,"column":null}},{"start":{},"end":{}}],"line":37},"7":{"loc":{"start":{"line":44,"column":2},"end":{"line":46,"column":null}},"type":"if","locations":[{"start":{"line":44,"column":2},"end":{"line":46,"column":null}},{"start":{},"end":{}}],"line":44},"8":{"loc":{"start":{"line":44,"column":6},"end":{"line":44,"column":55}},"type":"binary-expr","locations":[{"start":{"line":44,"column":6},"end":{"line":44,"column":28}},{"start":{"line":44,"column":28},"end":{"line":44,"column":55}}],"line":44},"9":{"loc":{"start":{"line":48,"column":2},"end":{"line":50,"column":null}},"type":"if","locations":[{"start":{"line":48,"column":2},"end":{"line":50,"column":null}},{"start":{},"end":{}}],"line":48},"10":{"loc":{"start":{"line":48,"column":6},"end":{"line":48,"column":53}},"type":"binary-expr","locations":[{"start":{"line":48,"column":6},"end":{"line":48,"column":27}},{"start":{"line":48,"column":27},"end":{"line":48,"column":53}}],"line":48},"11":{"loc":{"start":{"line":58,"column":2},"end":{"line":64,"column":null}},"type":"if","locations":[{"start":{"line":58,"column":2},"end":{"line":64,"column":null}},{"start":{},"end":{}}],"line":58},"12":{"loc":{"start":{"line":59,"column":4},"end":{"line":63,"column":null}},"type":"if","locations":[{"start":{"line":59,"column":4},"end":{"line":63,"column":null}},{"start":{"line":61,"column":4},"end":{"line":63,"column":null}}],"line":59},"13":{"loc":{"start":{"line":61,"column":4},"end":{"line":63,"column":null}},"type":"if","locations":[{"start":{"line":61,"column":4},"end":{"line":63,"column":null}},{"start":{},"end":{}}],"line":61},"14":{"loc":{"start":{"line":66,"column":2},"end":{"line":75,"column":null}},"type":"if","locations":[{"start":{"line":66,"column":2},"end":{"line":75,"column":null}},{"start":{},"end":{}}],"line":66},"15":{"loc":{"start":{"line":67,"column":4},"end":{"line":74,"column":null}},"type":"if","locations":[{"start":{"line":67,"column":4},"end":{"line":74,"column":null}},{"start":{"line":69,"column":4},"end":{"line":74,"column":null}}],"line":67},"16":{"loc":{"start":{"line":69,"column":4},"end":{"line":74,"column":null}},"type":"if","locations":[{"start":{"line":69,"column":4},"end":{"line":74,"column":null}},{"start":{},"end":{}}],"line":69},"17":{"loc":{"start":{"line":77,"column":2},"end":{"line":79,"column":null}},"type":"if","locations":[{"start":{"line":77,"column":2},"end":{"line":79,"column":null}},{"start":{},"end":{}}],"line":77},"18":{"loc":{"start":{"line":77,"column":6},"end":{"line":77,"column":68}},"type":"binary-expr","locations":[{"start":{"line":77,"column":6},"end":{"line":77,"column":41}},{"start":{"line":77,"column":41},"end":{"line":77,"column":68}}],"line":77},"19":{"loc":{"start":{"line":81,"column":2},"end":{"line":83,"column":null}},"type":"if","locations":[{"start":{"line":81,"column":2},"end":{"line":83,"column":null}},{"start":{},"end":{}}],"line":81},"20":{"loc":{"start":{"line":81,"column":6},"end":{"line":81,"column":66}},"type":"binary-expr","locations":[{"start":{"line":81,"column":6},"end":{"line":81,"column":40}},{"start":{"line":81,"column":40},"end":{"line":81,"column":66}}],"line":81}},"s":{"0":3,"1":15,"2":1,"3":14,"4":14,"5":15,"6":16,"7":16,"8":2,"9":14,"10":2,"11":16,"12":2,"13":14,"14":1,"15":16,"16":3,"17":16,"18":2,"19":16,"20":6,"21":6,"22":2,"23":1,"24":1,"25":0,"26":6,"27":1,"28":0,"29":1,"30":1,"31":6,"32":1,"33":6,"34":0,"35":6},"f":{"0":15,"1":15,"2":16,"3":6},"b":{"0":[1,14],"1":[2,14],"2":[16,14],"3":[2,12],"4":[2,14],"5":[16,14],"6":[1,13],"7":[3,13],"8":[16,13],"9":[2,14],"10":[16,14],"11":[2,4],"12":[1,1],"13":[0,1],"14":[1,5],"15":[0,1],"16":[1,0],"17":[1,5],"18":[6,1],"19":[0,6],"20":[6,0]},"meta":{"lastBranch":21,"lastFunction":4,"lastStatement":36,"seen":{"s:14:23:14:Infinity":0,"f:16:9:16:21":0,"b:17:2:17:Infinity:undefined:undefined:undefined:undefined":0,"s:17:2:17:Infinity":1,"s:17:37:17:Infinity":2,"s:18:15:18:Infinity":3,"s:19:2:19:Infinity":4,"f:22:9:22:26":1,"s:23:2:23:Infinity":5,"f:26:16:26:35":2,"s:27:37:27:Infinity":6,"b:29:2:33:Infinity:31:2:33:Infinity":1,"s:29:2:33:Infinity":7,"b:29:6:29:22:29:22:29:43":2,"s:30:4:30:Infinity":8,"b:31:2:33:Infinity:undefined:undefined:undefined:undefined":3,"s:31:2:33:Infinity":9,"s:32:4:32:Infinity":10,"b:35:2:42:Infinity:37:2:42:Infinity":4,"s:35:2:42:Infinity":11,"b:35:6:35:21:35:21:35:41":5,"s:36:4:36:Infinity":12,"b:37:2:42:Infinity:undefined:undefined:undefined:undefined":6,"s:37:2:42:Infinity":13,"s:38:4:41:Infinity":14,"b:44:2:46:Infinity:undefined:undefined:undefined:undefined":7,"s:44:2:46:Infinity":15,"b:44:6:44:28:44:28:44:55":8,"s:45:4:45:Infinity":16,"b:48:2:50:Infinity:undefined:undefined:undefined:undefined":9,"s:48:2:50:Infinity":17,"b:48:6:48:27:48:27:48:53":10,"s:49:4:49:Infinity":18,"s:52:2:52:Infinity":19,"f:55:16:55:40":3,"s:56:37:56:Infinity":20,"b:58:2:64:Infinity:undefined:undefined:undefined:undefined":11,"s:58:2:64:Infinity":21,"b:59:4:63:Infinity:61:4:63:Infinity":12,"s:59:4:63:Infinity":22,"s:60:6:60:Infinity":23,"b:61:4:63:Infinity:undefined:undefined:undefined:undefined":13,"s:61:4:63:Infinity":24,"s:62:6:62:Infinity":25,"b:66:2:75:Infinity:undefined:undefined:undefined:undefined":14,"s:66:2:75:Infinity":26,"b:67:4:74:Infinity:69:4:74:Infinity":15,"s:67:4:74:Infinity":27,"s:68:6:68:Infinity":28,"b:69:4:74:Infinity:undefined:undefined:undefined:undefined":16,"s:69:4:74:Infinity":29,"s:70:6:73:Infinity":30,"b:77:2:79:Infinity:undefined:undefined:undefined:undefined":17,"s:77:2:79:Infinity":31,"b:77:6:77:41:77:41:77:68":18,"s:78:4:78:Infinity":32,"b:81:2:83:Infinity:undefined:undefined:undefined:undefined":19,"s:81:2:83:Infinity":33,"b:81:6:81:40:81:40:81:66":20,"s:82:4:82:Infinity":34,"s:85:2:85:Infinity":35}}}
,"C:\\Local\\Code\\ai-tools\\medical-data-app\\src\\ui\\components\\BottomNav.tsx": {"path":"C:\\Local\\Code\\ai-tools\\medical-data-app\\src\\ui\\components\\BottomNav.tsx","statementMap":{"0":{"start":{"line":9,"column":62},"end":{"line":13,"column":null}},"1":{"start":{"line":15,"column":2},"end":{"line":34,"column":null}},"2":{"start":{"line":19,"column":10},"end":{"line":31,"column":null}},"3":{"start":{"line":21,"column":27},"end":{"line":21,"column":null}}},"fnMap":{"0":{"name":"BottomNav","decl":{"start":{"line":8,"column":16},"end":{"line":8,"column":26}},"loc":{"start":{"line":8,"column":71},"end":{"line":36,"column":null}},"line":8},"1":{"name":"(anonymous_1)","decl":{"start":{"line":18,"column":18},"end":{"line":18,"column":19}},"loc":{"start":{"line":19,"column":10},"end":{"line":31,"column":null}},"line":19},"2":{"name":"(anonymous_2)","decl":{"start":{"line":21,"column":21},"end":{"line":21,"column":27}},"loc":{"start":{"line":21,"column":27},"end":{"line":21,"column":null}},"line":21}},"branchMap":{"0":{"loc":{"start":{"line":23,"column":14},"end":{"line":25,"column":null}},"type":"cond-expr","locations":[{"start":{"line":24,"column":18},"end":{"line":24,"column":null}},{"start":{"line":25,"column":18},"end":{"line":25,"column":null}}],"line":23}},"s":{"0":3,"1":3,"2":9,"3":1},"f":{"0":3,"1":9,"2":1},"b":{"0":[3,6]},"meta":{"lastBranch":1,"lastFunction":3,"lastStatement":4,"seen":{"f:8:16:8:26":0,"s:9:62:13:Infinity":0,"s:15:2:34:Infinity":1,"f:18:18:18:19":1,"s:19:10:31:Infinity":2,"f:21:21:21:27":2,"s:21:27:21:Infinity":3,"b:24:18:24:Infinity:25:18:25:Infinity":0}}}
,"C:\\Local\\Code\\ai-tools\\medical-data-app\\src\\ui\\components\\EventCard.tsx": {"path":"C:\\Local\\Code\\ai-tools\\medical-data-app\\src\\ui\\components\\EventCard.tsx","statementMap":{"0":{"start":{"line":9,"column":43},"end":{"line":16,"column":null}},"1":{"start":{"line":19,"column":8},"end":{"line":19,"column":null}},"2":{"start":{"line":20,"column":15},"end":{"line":20,"column":null}},"3":{"start":{"line":22,"column":2},"end":{"line":54,"column":null}},"4":{"start":{"line":24,"column":21},"end":{"line":24,"column":null}}},"fnMap":{"0":{"name":"EventCard","decl":{"start":{"line":18,"column":16},"end":{"line":18,"column":26}},"loc":{"start":{"line":18,"column":63},"end":{"line":56,"column":null}},"line":18},"1":{"name":"(anonymous_1)","decl":{"start":{"line":24,"column":15},"end":{"line":24,"column":21}},"loc":{"start":{"line":24,"column":21},"end":{"line":24,"column":null}},"line":24}},"branchMap":{"0":{"loc":{"start":{"line":20,"column":15},"end":{"line":20,"column":null}},"type":"binary-expr","locations":[{"start":{"line":20,"column":15},"end":{"line":20,"column":42}},{"start":{"line":20,"column":42},"end":{"line":20,"column":null}}],"line":20},"1":{"loc":{"start":{"line":39,"column":15},"end":{"line":39,"column":null}},"type":"binary-expr","locations":[{"start":{"line":39,"column":15},"end":{"line":39,"column":35}},{"start":{"line":39,"column":35},"end":{"line":39,"column":null}}],"line":39},"2":{"loc":{"start":{"line":41,"column":13},"end":{"line":44,"column":null}},"type":"binary-expr","locations":[{"start":{"line":41,"column":13},"end":{"line":41,"column":null}},{"start":{"line":42,"column":14},"end":{"line":44,"column":null}}],"line":41},"3":{"loc":{"start":{"line":46,"column":13},"end":{"line":49,"column":null}},"type":"binary-expr","locations":[{"start":{"line":46,"column":13},"end":{"line":46,"column":null}},{"start":{"line":47,"column":14},"end":{"line":49,"column":null}}],"line":46}},"s":{"0":3,"1":11,"2":11,"3":11,"4":1},"f":{"0":11,"1":1},"b":{"0":[11,0],"1":[11,1],"2":[11,9],"3":[11,0]},"meta":{"lastBranch":4,"lastFunction":2,"lastStatement":5,"seen":{"s:9:43:16:Infinity":0,"f:18:16:18:26":0,"s:19:8:19:Infinity":1,"s:20:15:20:Infinity":2,"b:20:15:20:42:20:42:20:Infinity":0,"s:22:2:54:Infinity":3,"f:24:15:24:21":1,"s:24:21:24:Infinity":4,"b:39:15:39:35:39:35:39:Infinity":1,"b:41:13:41:Infinity:42:14:44:Infinity":2,"b:46:13:46:Infinity:47:14:49:Infinity":3}}}
,"C:\\Local\\Code\\ai-tools\\medical-data-app\\src\\ui\\components\\EventForm.tsx": {"path":"C:\\Local\\Code\\ai-tools\\medical-data-app\\src\\ui\\components\\EventForm.tsx","statementMap":{"0":{"start":{"line":13,"column":8},"end":{"line":13,"column":null}},"1":{"start":{"line":14,"column":8},"end":{"line":14,"column":null}},"2":{"start":{"line":16,"column":24},"end":{"line":16,"column":null}},"3":{"start":{"line":17,"column":22},"end":{"line":17,"column":null}},"4":{"start":{"line":18,"column":36},"end":{"line":18,"column":null}},"5":{"start":{"line":19,"column":34},"end":{"line":19,"column":null}},"6":{"start":{"line":20,"column":44},"end":{"line":20,"column":null}},"7":{"start":{"line":21,"column":44},"end":{"line":21,"column":null}},"8":{"start":{"line":22,"column":28},"end":{"line":22,"column":null}},"9":{"start":{"line":24,"column":23},"end":{"line":52,"column":null}},"10":{"start":{"line":25,"column":4},"end":{"line":25,"column":null}},"11":{"start":{"line":26,"column":4},"end":{"line":26,"column":null}},"12":{"start":{"line":28,"column":43},"end":{"line":35,"column":null}},"13":{"start":{"line":37,"column":10},"end":{"line":37,"column":null}},"14":{"start":{"line":38,"column":4},"end":{"line":41,"column":null}},"15":{"start":{"line":39,"column":6},"end":{"line":39,"column":null}},"16":{"start":{"line":39,"column":47},"end":{"line":39,"column":56}},"17":{"start":{"line":40,"column":6},"end":{"line":40,"column":null}},"18":{"start":{"line":43,"column":4},"end":{"line":51,"column":null}},"19":{"start":{"line":44,"column":6},"end":{"line":44,"column":null}},"20":{"start":{"line":46,"column":6},"end":{"line":46,"column":null}},"21":{"start":{"line":47,"column":6},"end":{"line":47,"column":null}},"22":{"start":{"line":48,"column":6},"end":{"line":48,"column":null}},"23":{"start":{"line":50,"column":6},"end":{"line":50,"column":null}},"24":{"start":{"line":54,"column":2},"end":{"line":152,"column":null}},"25":{"start":{"line":59,"column":12},"end":{"line":59,"column":null}},"26":{"start":{"line":72,"column":27},"end":{"line":72,"column":null}},"27":{"start":{"line":84,"column":27},"end":{"line":84,"column":null}},"28":{"start":{"line":88,"column":12},"end":{"line":88,"column":null}},"29":{"start":{"line":100,"column":27},"end":{"line":100,"column":null}},"30":{"start":{"line":104,"column":12},"end":{"line":104,"column":null}},"31":{"start":{"line":116,"column":27},"end":{"line":116,"column":null}},"32":{"start":{"line":129,"column":29},"end":{"line":129,"column":null}},"33":{"start":{"line":138,"column":29},"end":{"line":138,"column":null}}},"fnMap":{"0":{"name":"EventForm","decl":{"start":{"line":12,"column":16},"end":{"line":12,"column":26}},"loc":{"start":{"line":12,"column":65},"end":{"line":154,"column":null}},"line":12},"1":{"name":"(anonymous_1)","decl":{"start":{"line":24,"column":23},"end":{"line":24,"column":30}},"loc":{"start":{"line":24,"column":53},"end":{"line":52,"column":null}},"line":24},"2":{"name":"(anonymous_2)","decl":{"start":{"line":39,"column":40},"end":{"line":39,"column":41}},"loc":{"start":{"line":39,"column":47},"end":{"line":39,"column":56}},"line":39},"3":{"name":"(anonymous_3)","decl":{"start":{"line":58,"column":23},"end":{"line":58,"column":24}},"loc":{"start":{"line":59,"column":12},"end":{"line":59,"column":null}},"line":59},"4":{"name":"(anonymous_4)","decl":{"start":{"line":72,"column":20},"end":{"line":72,"column":21}},"loc":{"start":{"line":72,"column":27},"end":{"line":72,"column":null}},"line":72},"5":{"name":"(anonymous_5)","decl":{"start":{"line":84,"column":20},"end":{"line":84,"column":21}},"loc":{"start":{"line":84,"column":27},"end":{"line":84,"column":null}},"line":84},"6":{"name":"(anonymous_6)","decl":{"start":{"line":87,"column":27},"end":{"line":87,"column":28}},"loc":{"start":{"line":88,"column":12},"end":{"line":88,"column":null}},"line":88},"7":{"name":"(anonymous_7)","decl":{"start":{"line":100,"column":20},"end":{"line":100,"column":21}},"loc":{"start":{"line":100,"column":27},"end":{"line":100,"column":null}},"line":100},"8":{"name":"(anonymous_8)","decl":{"start":{"line":103,"column":23},"end":{"line":103,"column":24}},"loc":{"start":{"line":104,"column":12},"end":{"line":104,"column":null}},"line":104},"9":{"name":"(anonymous_9)","decl":{"start":{"line":116,"column":20},"end":{"line":116,"column":21}},"loc":{"start":{"line":116,"column":27},"end":{"line":116,"column":null}},"line":116},"10":{"name":"(anonymous_10)","decl":{"start":{"line":129,"column":22},"end":{"line":129,"column":23}},"loc":{"start":{"line":129,"column":29},"end":{"line":129,"column":null}},"line":129},"11":{"name":"(anonymous_11)","decl":{"start":{"line":138,"column":22},"end":{"line":138,"column":23}},"loc":{"start":{"line":138,"column":29},"end":{"line":138,"column":null}},"line":138}},"branchMap":{"0":{"loc":{"start":{"line":19,"column":47},"end":{"line":19,"column":67}},"type":"binary-expr","locations":[{"start":{"line":19,"column":47},"end":{"line":19,"column":65}},{"start":{"line":19,"column":65},"end":{"line":19,"column":67}}],"line":19},"1":{"loc":{"start":{"line":38,"column":4},"end":{"line":41,"column":null}},"type":"if","locations":[{"start":{"line":38,"column":4},"end":{"line":41,"column":null}},{"start":{},"end":{}}],"line":38},"2":{"loc":{"start":{"line":56,"column":7},"end":{"line":61,"column":null}},"type":"binary-expr","locations":[{"start":{"line":56,"column":7},"end":{"line":56,"column":null}},{"start":{"line":57,"column":8},"end":{"line":61,"column":null}}],"line":56},"3":{"loc":{"start":{"line":150,"column":9},"end":{"line":150,"column":null}},"type":"cond-expr","locations":[{"start":{"line":150,"column":19},"end":{"line":150,"column":36}},{"start":{"line":150,"column":36},"end":{"line":150,"column":null}}],"line":150}},"s":{"0":69,"1":69,"2":69,"3":69,"4":69,"5":69,"6":69,"7":69,"8":69,"9":69,"10":6,"11":6,"12":6,"13":6,"14":6,"15":1,"16":1,"17":1,"18":5,"19":5,"20":4,"21":4,"22":4,"23":1,"24":69,"25":2,"26":0,"27":0,"28":414,"29":0,"30":276,"31":45,"32":1,"33":0},"f":{"0":69,"1":6,"2":1,"3":2,"4":0,"5":0,"6":414,"7":0,"8":276,"9":45,"10":1,"11":0},"b":{"0":[69,0],"1":[1,5],"2":[69,2],"3":[2,67]},"meta":{"lastBranch":4,"lastFunction":12,"lastStatement":34,"seen":{"f:12:16:12:26":0,"s:13:8:13:Infinity":0,"s:14:8:14:Infinity":1,"s:16:24:16:Infinity":2,"s:17:22:17:Infinity":3,"s:18:36:18:Infinity":4,"s:19:34:19:Infinity":5,"b:19:47:19:65:19:65:19:67":0,"s:20:44:20:Infinity":6,"s:21:44:21:Infinity":7,"s:22:28:22:Infinity":8,"s:24:23:52:Infinity":9,"f:24:23:24:30":1,"s:25:4:25:Infinity":10,"s:26:4:26:Infinity":11,"s:28:43:35:Infinity":12,"s:37:10:37:Infinity":13,"b:38:4:41:Infinity:undefined:undefined:undefined:undefined":1,"s:38:4:41:Infinity":14,"s:39:6:39:Infinity":15,"f:39:40:39:41":2,"s:39:47:39:56":16,"s:40:6:40:Infinity":17,"s:43:4:51:Infinity":18,"s:44:6:44:Infinity":19,"s:46:6:46:Infinity":20,"s:47:6:47:Infinity":21,"s:48:6:48:Infinity":22,"s:50:6:50:Infinity":23,"s:54:2:152:Infinity":24,"b:56:7:56:Infinity:57:8:61:Infinity":2,"f:58:23:58:24":3,"s:59:12:59:Infinity":25,"f:72:20:72:21":4,"s:72:27:72:Infinity":26,"f:84:20:84:21":5,"s:84:27:84:Infinity":27,"f:87:27:87:28":6,"s:88:12:88:Infinity":28,"f:100:20:100:21":7,"s:100:27:100:Infinity":29,"f:103:23:103:24":8,"s:104:12:104:Infinity":30,"f:116:20:116:21":9,"s:116:27:116:Infinity":31,"f:129:22:129:23":10,"s:129:29:129:Infinity":32,"f:138:22:138:23":11,"s:138:29:138:Infinity":33,"b:150:19:150:36:150:36:150:Infinity":3}}}
,"C:\\Local\\Code\\ai-tools\\medical-data-app\\src\\ui\\components\\Header.tsx": {"path":"C:\\Local\\Code\\ai-tools\\medical-data-app\\src\\ui\\components\\Header.tsx","statementMap":{"0":{"start":{"line":7,"column":2},"end":{"line":21,"column":null}}},"fnMap":{"0":{"name":"Header","decl":{"start":{"line":6,"column":16},"end":{"line":6,"column":23}},"loc":{"start":{"line":6,"column":56},"end":{"line":23,"column":null}},"line":6}},"branchMap":{"0":{"loc":{"start":{"line":10,"column":9},"end":{"line":17,"column":null}},"type":"binary-expr","locations":[{"start":{"line":10,"column":9},"end":{"line":10,"column":null}},{"start":{"line":11,"column":10},"end":{"line":17,"column":null}}],"line":10}},"s":{"0":4},"f":{"0":4},"b":{"0":[4,2]},"meta":{"lastBranch":1,"lastFunction":1,"lastStatement":1,"seen":{"f:6:16:6:23":0,"s:7:2:21:Infinity":0,"b:10:9:10:Infinity:11:10:17:Infinity":0}}}
,"C:\\Local\\Code\\ai-tools\\medical-data-app\\src\\ui\\hooks\\useEventos.ts": {"path":"C:\\Local\\Code\\ai-tools\\medical-data-app\\src\\ui\\hooks\\useEventos.ts","statementMap":{"0":{"start":{"line":13,"column":28},"end":{"line":13,"column":null}},"1":{"start":{"line":14,"column":28},"end":{"line":14,"column":null}},"2":{"start":{"line":15,"column":24},"end":{"line":15,"column":null}},"3":{"start":{"line":17,"column":8},"end":{"line":28,"column":null}},"4":{"start":{"line":18,"column":4},"end":{"line":18,"column":null}},"5":{"start":{"line":19,"column":4},"end":{"line":19,"column":null}},"6":{"start":{"line":20,"column":4},"end":{"line":27,"column":null}},"7":{"start":{"line":21,"column":19},"end":{"line":21,"column":null}},"8":{"start":{"line":22,"column":6},"end":{"line":22,"column":null}},"9":{"start":{"line":24,"column":6},"end":{"line":24,"column":null}},"10":{"start":{"line":26,"column":6},"end":{"line":26,"column":null}},"11":{"start":{"line":30,"column":2},"end":{"line":32,"column":null}},"12":{"start":{"line":31,"column":4},"end":{"line":31,"column":null}},"13":{"start":{"line":34,"column":16},"end":{"line":38,"column":null}},"14":{"start":{"line":35,"column":19},"end":{"line":35,"column":null}},"15":{"start":{"line":36,"column":4},"end":{"line":36,"column":null}},"16":{"start":{"line":37,"column":4},"end":{"line":37,"column":null}},"17":{"start":{"line":40,"column":21},"end":{"line":44,"column":null}},"18":{"start":{"line":41,"column":19},"end":{"line":41,"column":null}},"19":{"start":{"line":42,"column":4},"end":{"line":42,"column":null}},"20":{"start":{"line":43,"column":4},"end":{"line":43,"column":null}},"21":{"start":{"line":46,"column":19},"end":{"line":49,"column":null}},"22":{"start":{"line":47,"column":4},"end":{"line":47,"column":null}},"23":{"start":{"line":48,"column":4},"end":{"line":48,"column":null}},"24":{"start":{"line":51,"column":2},"end":{"line":51,"column":null}},"25":{"start":{"line":55,"column":26},"end":{"line":55,"column":null}},"26":{"start":{"line":56,"column":28},"end":{"line":56,"column":null}},"27":{"start":{"line":57,"column":24},"end":{"line":57,"column":null}},"28":{"start":{"line":59,"column":2},"end":{"line":67,"column":null}},"29":{"start":{"line":60,"column":4},"end":{"line":60,"column":null}},"30":{"start":{"line":60,"column":13},"end":{"line":60,"column":null}},"31":{"start":{"line":61,"column":4},"end":{"line":61,"column":null}},"32":{"start":{"line":62,"column":4},"end":{"line":62,"column":null}},"33":{"start":{"line":63,"column":4},"end":{"line":66,"column":null}},"34":{"start":{"line":65,"column":22},"end":{"line":65,"column":54}},"35":{"start":{"line":66,"column":21},"end":{"line":66,"column":38}},"36":{"start":{"line":69,"column":2},"end":{"line":69,"column":null}}},"fnMap":{"0":{"name":"useEventos","decl":{"start":{"line":12,"column":16},"end":{"line":12,"column":27}},"loc":{"start":{"line":12,"column":58},"end":{"line":52,"column":null}},"line":12},"1":{"name":"(anonymous_1)","decl":{"start":{"line":17,"column":29},"end":{"line":17,"column":41}},"loc":{"start":{"line":17,"column":41},"end":{"line":28,"column":5}},"line":17},"2":{"name":"(anonymous_2)","decl":{"start":{"line":30,"column":12},"end":{"line":30,"column":18}},"loc":{"start":{"line":30,"column":18},"end":{"line":32,"column":5}},"line":30},"3":{"name":"(anonymous_3)","decl":{"start":{"line":34,"column":16},"end":{"line":34,"column":23}},"loc":{"start":{"line":34,"column":58},"end":{"line":38,"column":null}},"line":34},"4":{"name":"(anonymous_4)","decl":{"start":{"line":40,"column":21},"end":{"line":40,"column":28}},"loc":{"start":{"line":40,"column":75},"end":{"line":44,"column":null}},"line":40},"5":{"name":"(anonymous_5)","decl":{"start":{"line":46,"column":19},"end":{"line":46,"column":26}},"loc":{"start":{"line":46,"column":41},"end":{"line":49,"column":null}},"line":46},"6":{"name":"useEvento","decl":{"start":{"line":54,"column":16},"end":{"line":54,"column":26}},"loc":{"start":{"line":54,"column":45},"end":{"line":70,"column":null}},"line":54},"7":{"name":"(anonymous_7)","decl":{"start":{"line":59,"column":12},"end":{"line":59,"column":18}},"loc":{"start":{"line":59,"column":18},"end":{"line":67,"column":5}},"line":59},"8":{"name":"(anonymous_8)","decl":{"start":{"line":65,"column":13},"end":{"line":65,"column":14}},"loc":{"start":{"line":65,"column":22},"end":{"line":65,"column":54}},"line":65},"9":{"name":"(anonymous_9)","decl":{"start":{"line":66,"column":15},"end":{"line":66,"column":21}},"loc":{"start":{"line":66,"column":21},"end":{"line":66,"column":38}},"line":66}},"branchMap":{"0":{"loc":{"start":{"line":60,"column":4},"end":{"line":60,"column":null}},"type":"if","locations":[{"start":{"line":60,"column":4},"end":{"line":60,"column":null}},{"start":{},"end":{}}],"line":60}},"s":{"0":29,"1":29,"2":29,"3":29,"4":18,"5":18,"6":18,"7":18,"8":14,"9":3,"10":17,"11":29,"12":15,"13":29,"14":1,"15":1,"16":1,"17":29,"18":1,"19":1,"20":1,"21":29,"22":1,"23":1,"24":29,"25":7,"26":7,"27":7,"28":7,"29":3,"30":1,"31":2,"32":2,"33":2,"34":1,"35":2,"36":7},"f":{"0":29,"1":18,"2":15,"3":1,"4":1,"5":1,"6":7,"7":3,"8":1,"9":2},"b":{"0":[1,2]},"meta":{"lastBranch":1,"lastFunction":10,"lastStatement":37,"seen":{"f:12:16:12:27":0,"s:13:28:13:Infinity":0,"s:14:28:14:Infinity":1,"s:15:24:15:Infinity":2,"s:17:8:28:Infinity":3,"f:17:29:17:41":1,"s:18:4:18:Infinity":4,"s:19:4:19:Infinity":5,"s:20:4:27:Infinity":6,"s:21:19:21:Infinity":7,"s:22:6:22:Infinity":8,"s:24:6:24:Infinity":9,"s:26:6:26:Infinity":10,"s:30:2:32:Infinity":11,"f:30:12:30:18":2,"s:31:4:31:Infinity":12,"s:34:16:38:Infinity":13,"f:34:16:34:23":3,"s:35:19:35:Infinity":14,"s:36:4:36:Infinity":15,"s:37:4:37:Infinity":16,"s:40:21:44:Infinity":17,"f:40:21:40:28":4,"s:41:19:41:Infinity":18,"s:42:4:42:Infinity":19,"s:43:4:43:Infinity":20,"s:46:19:49:Infinity":21,"f:46:19:46:26":5,"s:47:4:47:Infinity":22,"s:48:4:48:Infinity":23,"s:51:2:51:Infinity":24,"f:54:16:54:26":6,"s:55:26:55:Infinity":25,"s:56:28:56:Infinity":26,"s:57:24:57:Infinity":27,"s:59:2:67:Infinity":28,"f:59:12:59:18":7,"b:60:4:60:Infinity:undefined:undefined:undefined:undefined":0,"s:60:4:60:Infinity":29,"s:60:13:60:Infinity":30,"s:61:4:61:Infinity":31,"s:62:4:62:Infinity":32,"s:63:4:66:Infinity":33,"f:65:13:65:14":8,"s:65:22:65:54":34,"f:66:15:66:21":9,"s:66:21:66:38":35,"s:69:2:69:Infinity":36}}}
,"C:\\Local\\Code\\ai-tools\\medical-data-app\\src\\ui\\hooks\\useNavigation.ts": {"path":"C:\\Local\\Code\\ai-tools\\medical-data-app\\src\\ui\\hooks\\useNavigation.ts","statementMap":{"0":{"start":{"line":11,"column":24},"end":{"line":14,"column":null}},"1":{"start":{"line":16,"column":8},"end":{"line":18,"column":null}},"2":{"start":{"line":17,"column":4},"end":{"line":17,"column":null}},"3":{"start":{"line":20,"column":8},"end":{"line":22,"column":null}},"4":{"start":{"line":21,"column":4},"end":{"line":21,"column":null}},"5":{"start":{"line":24,"column":2},"end":{"line":29,"column":null}}},"fnMap":{"0":{"name":"useNavigation","decl":{"start":{"line":10,"column":16},"end":{"line":10,"column":32}},"loc":{"start":{"line":10,"column":32},"end":{"line":30,"column":null}},"line":10},"1":{"name":"(anonymous_1)","decl":{"start":{"line":16,"column":33},"end":{"line":16,"column":34}},"loc":{"start":{"line":16,"column":86},"end":{"line":18,"column":5}},"line":16},"2":{"name":"(anonymous_2)","decl":{"start":{"line":20,"column":29},"end":{"line":20,"column":35}},"loc":{"start":{"line":20,"column":35},"end":{"line":22,"column":5}},"line":20}},"branchMap":{"0":{"loc":{"start":{"line":16,"column":46},"end":{"line":16,"column":86}},"type":"default-arg","locations":[{"start":{"line":16,"column":79},"end":{"line":16,"column":86}}],"line":16}},"s":{"0":8,"1":8,"2":3,"3":8,"4":1,"5":8},"f":{"0":8,"1":3,"2":1},"b":{"0":[3]},"meta":{"lastBranch":1,"lastFunction":3,"lastStatement":6,"seen":{"f:10:16:10:32":0,"s:11:24:14:Infinity":0,"s:16:8:18:Infinity":1,"f:16:33:16:34":1,"b:16:79:16:86":0,"s:17:4:17:Infinity":2,"s:20:8:22:Infinity":3,"f:20:29:20:35":2,"s:21:4:21:Infinity":4,"s:24:2:29:Infinity":5}}}
,"C:\\Local\\Code\\ai-tools\\medical-data-app\\src\\ui\\pages\\DetalleEventoPage.tsx": {"path":"C:\\Local\\Code\\ai-tools\\medical-data-app\\src\\ui\\pages\\DetalleEventoPage.tsx","statementMap":{"0":{"start":{"line":12,"column":43},"end":{"line":19,"column":null}},"1":{"start":{"line":22,"column":26},"end":{"line":22,"column":null}},"2":{"start":{"line":23,"column":24},"end":{"line":23,"column":null}},"3":{"start":{"line":24,"column":28},"end":{"line":24,"column":null}},"4":{"start":{"line":25,"column":24},"end":{"line":25,"column":null}},"5":{"start":{"line":27,"column":2},"end":{"line":44,"column":null}},"6":{"start":{"line":29,"column":6},"end":{"line":29,"column":null}},"7":{"start":{"line":30,"column":6},"end":{"line":41,"column":null}},"8":{"start":{"line":31,"column":25},"end":{"line":34,"column":null}},"9":{"start":{"line":35,"column":8},"end":{"line":35,"column":null}},"10":{"start":{"line":36,"column":8},"end":{"line":36,"column":null}},"11":{"start":{"line":38,"column":8},"end":{"line":38,"column":null}},"12":{"start":{"line":40,"column":8},"end":{"line":40,"column":null}},"13":{"start":{"line":43,"column":4},"end":{"line":43,"column":null}},"14":{"start":{"line":46,"column":2},"end":{"line":52,"column":null}},"15":{"start":{"line":47,"column":4},"end":{"line":50,"column":null}},"16":{"start":{"line":54,"column":2},"end":{"line":62,"column":null}},"17":{"start":{"line":55,"column":4},"end":{"line":60,"column":null}},"18":{"start":{"line":64,"column":8},"end":{"line":64,"column":null}},"19":{"start":{"line":65,"column":15},"end":{"line":65,"column":null}},"20":{"start":{"line":67,"column":2},"end":{"line":129,"column":null}},"21":{"start":{"line":113,"column":14},"end":{"line":124,"column":null}}},"fnMap":{"0":{"name":"DetalleEventoPage","decl":{"start":{"line":21,"column":16},"end":{"line":21,"column":34}},"loc":{"start":{"line":21,"column":72},"end":{"line":131,"column":null}},"line":21},"1":{"name":"(anonymous_1)","decl":{"start":{"line":27,"column":12},"end":{"line":27,"column":18}},"loc":{"start":{"line":27,"column":18},"end":{"line":44,"column":5}},"line":27},"2":{"name":"load","decl":{"start":{"line":28,"column":19},"end":{"line":28,"column":26}},"loc":{"start":{"line":28,"column":26},"end":{"line":42,"column":null}},"line":28},"3":{"name":"(anonymous_3)","decl":{"start":{"line":112,"column":23},"end":{"line":112,"column":24}},"loc":{"start":{"line":113,"column":14},"end":{"line":124,"column":null}},"line":113}},"branchMap":{"0":{"loc":{"start":{"line":46,"column":2},"end":{"line":52,"column":null}},"type":"if","locations":[{"start":{"line":46,"column":2},"end":{"line":52,"column":null}},{"start":{},"end":{}}],"line":46},"1":{"loc":{"start":{"line":54,"column":2},"end":{"line":62,"column":null}},"type":"if","locations":[{"start":{"line":54,"column":2},"end":{"line":62,"column":null}},{"start":{},"end":{}}],"line":54},"2":{"loc":{"start":{"line":54,"column":6},"end":{"line":54,"column":24}},"type":"binary-expr","locations":[{"start":{"line":54,"column":6},"end":{"line":54,"column":15}},{"start":{"line":54,"column":15},"end":{"line":54,"column":24}}],"line":54},"3":{"loc":{"start":{"line":58,"column":47},"end":{"line":58,"column":79}},"type":"binary-expr","locations":[{"start":{"line":58,"column":47},"end":{"line":58,"column":56}},{"start":{"line":58,"column":56},"end":{"line":58,"column":79}}],"line":58},"4":{"loc":{"start":{"line":65,"column":15},"end":{"line":65,"column":null}},"type":"binary-expr","locations":[{"start":{"line":65,"column":15},"end":{"line":65,"column":42}},{"start":{"line":65,"column":42},"end":{"line":65,"column":null}}],"line":65},"5":{"loc":{"start":{"line":85,"column":49},"end":{"line":85,"column":83}},"type":"binary-expr","locations":[{"start":{"line":85,"column":49},"end":{"line":85,"column":69}},{"start":{"line":85,"column":69},"end":{"line":85,"column":83}}],"line":85},"6":{"loc":{"start":{"line":89,"column":50},"end":{"line":89,"column":109}},"type":"cond-expr","locations":[{"start":{"line":89,"column":75},"end":{"line":89,"column":94}},{"start":{"line":89,"column":94},"end":{"line":89,"column":109}}],"line":89},"7":{"loc":{"start":{"line":90,"column":13},"end":{"line":90,"column":null}},"type":"cond-expr","locations":[{"start":{"line":90,"column":38},"end":{"line":90,"column":56}},{"start":{"line":90,"column":56},"end":{"line":90,"column":null}}],"line":90},"8":{"loc":{"start":{"line":95,"column":50},"end":{"line":95,"column":109}},"type":"cond-expr","locations":[{"start":{"line":95,"column":75},"end":{"line":95,"column":94}},{"start":{"line":95,"column":94},"end":{"line":95,"column":109}}],"line":95},"9":{"loc":{"start":{"line":96,"column":13},"end":{"line":96,"column":null}},"type":"cond-expr","locations":[{"start":{"line":96,"column":38},"end":{"line":96,"column":56}},{"start":{"line":96,"column":56},"end":{"line":96,"column":null}}],"line":96},"10":{"loc":{"start":{"line":106,"column":9},"end":{"line":126,"column":null}},"type":"cond-expr","locations":[{"start":{"line":107,"column":10},"end":{"line":109,"column":null}},{"start":{"line":111,"column":10},"end":{"line":126,"column":null}}],"line":106},"11":{"loc":{"start":{"line":122,"column":19},"end":{"line":122,"column":null}},"type":"binary-expr","locations":[{"start":{"line":122,"column":19},"end":{"line":122,"column":39}},{"start":{"line":122,"column":39},"end":{"line":122,"column":null}}],"line":122}},"s":{"0":1,"1":9,"2":9,"3":9,"4":9,"5":9,"6":5,"7":5,"8":5,"9":3,"10":3,"11":1,"12":4,"13":5,"14":9,"15":5,"16":4,"17":2,"18":2,"19":2,"20":9,"21":1},"f":{"0":9,"1":5,"2":5,"3":1},"b":{"0":[5,4],"1":[2,2],"2":[4,3],"3":[2,1],"4":[2,0],"5":[9,0],"6":[1,1],"7":[1,1],"8":[0,2],"9":[0,2],"10":[1,1],"11":[1,0]},"meta":{"lastBranch":12,"lastFunction":4,"lastStatement":22,"seen":{"s:12:43:19:Infinity":0,"f:21:16:21:34":0,"s:22:26:22:Infinity":1,"s:23:24:23:Infinity":2,"s:24:28:24:Infinity":3,"s:25:24:25:Infinity":4,"s:27:2:44:Infinity":5,"f:27:12:27:18":1,"f:28:19:28:26":2,"s:29:6:29:Infinity":6,"s:30:6:41:Infinity":7,"s:31:25:34:Infinity":8,"s:35:8:35:Infinity":9,"s:36:8:36:Infinity":10,"s:38:8:38:Infinity":11,"s:40:8:40:Infinity":12,"s:43:4:43:Infinity":13,"b:46:2:52:Infinity:undefined:undefined:undefined:undefined":0,"s:46:2:52:Infinity":14,"s:47:4:50:Infinity":15,"b:54:2:62:Infinity:undefined:undefined:undefined:undefined":1,"s:54:2:62:Infinity":16,"b:54:6:54:15:54:15:54:24":2,"s:55:4:60:Infinity":17,"b:58:47:58:56:58:56:58:79":3,"s:64:8:64:Infinity":18,"s:65:15:65:Infinity":19,"b:65:15:65:42:65:42:65:Infinity":4,"s:67:2:129:Infinity":20,"b:85:49:85:69:85:69:85:83":5,"b:89:75:89:94:89:94:89:109":6,"b:90:38:90:56:90:56:90:Infinity":7,"b:95:75:95:94:95:94:95:109":8,"b:96:38:96:56:96:56:96:Infinity":9,"b:107:10:109:Infinity:111:10:126:Infinity":10,"f:112:23:112:24":3,"s:113:14:124:Infinity":21,"b:122:19:122:39:122:39:122:Infinity":11}}}
,"C:\\Local\\Code\\ai-tools\\medical-data-app\\src\\ui\\pages\\HistorialPage.tsx": {"path":"C:\\Local\\Code\\ai-tools\\medical-data-app\\src\\ui\\pages\\HistorialPage.tsx","statementMap":{"0":{"start":{"line":13,"column":8},"end":{"line":13,"column":null}},"1":{"start":{"line":14,"column":34},"end":{"line":14,"column":null}},"2":{"start":{"line":15,"column":22},"end":{"line":15,"column":null}},"3":{"start":{"line":16,"column":24},"end":{"line":16,"column":null}},"4":{"start":{"line":17,"column":24},"end":{"line":17,"column":null}},"5":{"start":{"line":19,"column":8},"end":{"line":27,"column":null}},"6":{"start":{"line":20,"column":11},"end":{"line":25,"column":null}},"7":{"start":{"line":29,"column":34},"end":{"line":29,"column":null}},"8":{"start":{"line":31,"column":2},"end":{"line":122,"column":null}},"9":{"start":{"line":43,"column":31},"end":{"line":43,"column":null}},"10":{"start":{"line":48,"column":16},"end":{"line":48,"column":null}},"11":{"start":{"line":58,"column":31},"end":{"line":58,"column":null}},"12":{"start":{"line":63,"column":16},"end":{"line":63,"column":null}},"13":{"start":{"line":74,"column":31},"end":{"line":74,"column":null}},"14":{"start":{"line":85,"column":31},"end":{"line":85,"column":null}},"15":{"start":{"line":112,"column":14},"end":{"line":112,"column":null}}},"fnMap":{"0":{"name":"HistorialPage","decl":{"start":{"line":12,"column":16},"end":{"line":12,"column":30}},"loc":{"start":{"line":12,"column":68},"end":{"line":124,"column":null}},"line":12},"1":{"name":"(anonymous_1)","decl":{"start":{"line":20,"column":4},"end":{"line":20,"column":11}},"loc":{"start":{"line":20,"column":11},"end":{"line":25,"column":null}},"line":20},"2":{"name":"(anonymous_2)","decl":{"start":{"line":43,"column":24},"end":{"line":43,"column":25}},"loc":{"start":{"line":43,"column":31},"end":{"line":43,"column":null}},"line":43},"3":{"name":"(anonymous_3)","decl":{"start":{"line":47,"column":27},"end":{"line":47,"column":28}},"loc":{"start":{"line":48,"column":16},"end":{"line":48,"column":null}},"line":48},"4":{"name":"(anonymous_4)","decl":{"start":{"line":58,"column":24},"end":{"line":58,"column":25}},"loc":{"start":{"line":58,"column":31},"end":{"line":58,"column":null}},"line":58},"5":{"name":"(anonymous_5)","decl":{"start":{"line":62,"column":31},"end":{"line":62,"column":32}},"loc":{"start":{"line":63,"column":16},"end":{"line":63,"column":null}},"line":63},"6":{"name":"(anonymous_6)","decl":{"start":{"line":74,"column":24},"end":{"line":74,"column":25}},"loc":{"start":{"line":74,"column":31},"end":{"line":74,"column":null}},"line":74},"7":{"name":"(anonymous_7)","decl":{"start":{"line":85,"column":24},"end":{"line":85,"column":25}},"loc":{"start":{"line":85,"column":31},"end":{"line":85,"column":null}},"line":85},"8":{"name":"(anonymous_8)","decl":{"start":{"line":111,"column":25},"end":{"line":111,"column":26}},"loc":{"start":{"line":112,"column":14},"end":{"line":112,"column":null}},"line":112}},"branchMap":{"0":{"loc":{"start":{"line":21,"column":18},"end":{"line":21,"column":null}},"type":"binary-expr","locations":[{"start":{"line":21,"column":18},"end":{"line":21,"column":32}},{"start":{"line":21,"column":32},"end":{"line":21,"column":null}}],"line":21},"1":{"loc":{"start":{"line":22,"column":12},"end":{"line":22,"column":null}},"type":"binary-expr","locations":[{"start":{"line":22,"column":12},"end":{"line":22,"column":20}},{"start":{"line":22,"column":20},"end":{"line":22,"column":null}}],"line":22},"2":{"loc":{"start":{"line":23,"column":13},"end":{"line":23,"column":null}},"type":"binary-expr","locations":[{"start":{"line":23,"column":13},"end":{"line":23,"column":22}},{"start":{"line":23,"column":22},"end":{"line":23,"column":null}}],"line":23},"3":{"loc":{"start":{"line":24,"column":13},"end":{"line":24,"column":null}},"type":"binary-expr","locations":[{"start":{"line":24,"column":13},"end":{"line":24,"column":22}},{"start":{"line":24,"column":22},"end":{"line":24,"column":null}}],"line":24},"4":{"loc":{"start":{"line":93,"column":7},"end":{"line":96,"column":null}},"type":"binary-expr","locations":[{"start":{"line":93,"column":7},"end":{"line":93,"column":null}},{"start":{"line":94,"column":8},"end":{"line":96,"column":null}}],"line":93},"5":{"loc":{"start":{"line":99,"column":7},"end":{"line":102,"column":null}},"type":"binary-expr","locations":[{"start":{"line":99,"column":7},"end":{"line":99,"column":null}},{"start":{"line":100,"column":8},"end":{"line":102,"column":null}}],"line":99},"6":{"loc":{"start":{"line":105,"column":7},"end":{"line":120,"column":null}},"type":"binary-expr","locations":[{"start":{"line":105,"column":7},"end":{"line":105,"column":19}},{"start":{"line":105,"column":19},"end":{"line":105,"column":null}},{"start":{"line":106,"column":8},"end":{"line":120,"column":null}}],"line":105},"7":{"loc":{"start":{"line":108,"column":36},"end":{"line":108,"column":68}},"type":"cond-expr","locations":[{"start":{"line":108,"column":59},"end":{"line":108,"column":65}},{"start":{"line":108,"column":65},"end":{"line":108,"column":68}}],"line":108},"8":{"loc":{"start":{"line":108,"column":80},"end":{"line":108,"column":null}},"type":"cond-expr","locations":[{"start":{"line":108,"column":103},"end":{"line":108,"column":109}},{"start":{"line":108,"column":109},"end":{"line":108,"column":null}}],"line":108},"9":{"loc":{"start":{"line":115,"column":11},"end":{"line":118,"column":null}},"type":"binary-expr","locations":[{"start":{"line":115,"column":11},"end":{"line":115,"column":null}},{"start":{"line":116,"column":12},"end":{"line":118,"column":null}}],"line":115}},"s":{"0":8,"1":8,"2":8,"3":8,"4":8,"5":8,"6":5,"7":8,"8":8,"9":0,"10":32,"11":0,"12":48,"13":0,"14":0,"15":1},"f":{"0":8,"1":5,"2":0,"3":32,"4":0,"5":48,"6":0,"7":0,"8":1},"b":{"0":[5,5],"1":[5,5],"2":[5,5],"3":[5,5],"4":[8,5],"5":[8,1],"6":[8,3,2],"7":[1,1],"8":[1,1],"9":[2,1]},"meta":{"lastBranch":10,"lastFunction":9,"lastStatement":16,"seen":{"f:12:16:12:30":0,"s:13:8:13:Infinity":0,"s:14:34:14:Infinity":1,"s:15:22:15:Infinity":2,"s:16:24:16:Infinity":3,"s:17:24:17:Infinity":4,"s:19:8:27:Infinity":5,"f:20:4:20:11":1,"s:20:11:25:Infinity":6,"b:21:18:21:32:21:32:21:Infinity":0,"b:22:12:22:20:22:20:22:Infinity":1,"b:23:13:23:22:23:22:23:Infinity":2,"b:24:13:24:22:24:22:24:Infinity":3,"s:29:34:29:Infinity":7,"s:31:2:122:Infinity":8,"f:43:24:43:25":2,"s:43:31:43:Infinity":9,"f:47:27:47:28":3,"s:48:16:48:Infinity":10,"f:58:24:58:25":4,"s:58:31:58:Infinity":11,"f:62:31:62:32":5,"s:63:16:63:Infinity":12,"f:74:24:74:25":6,"s:74:31:74:Infinity":13,"f:85:24:85:25":7,"s:85:31:85:Infinity":14,"b:93:7:93:Infinity:94:8:96:Infinity":4,"b:99:7:99:Infinity:100:8:102:Infinity":5,"b:105:7:105:19:105:19:105:Infinity:106:8:120:Infinity":6,"b:108:59:108:65:108:65:108:68":7,"b:108:103:108:109:108:109:108:Infinity":8,"f:111:25:111:26":8,"s:112:14:112:Infinity":15,"b:115:11:115:Infinity:116:12:118:Infinity":9}}}
,"C:\\Local\\Code\\ai-tools\\medical-data-app\\src\\ui\\pages\\InicioPage.tsx": {"path":"C:\\Local\\Code\\ai-tools\\medical-data-app\\src\\ui\\pages\\InicioPage.tsx","statementMap":{"0":{"start":{"line":9,"column":34},"end":{"line":9,"column":null}},"1":{"start":{"line":11,"column":2},"end":{"line":17,"column":null}},"2":{"start":{"line":12,"column":4},"end":{"line":15,"column":null}},"3":{"start":{"line":19,"column":2},"end":{"line":27,"column":null}},"4":{"start":{"line":20,"column":4},"end":{"line":25,"column":null}},"5":{"start":{"line":29,"column":2},"end":{"line":39,"column":null}},"6":{"start":{"line":30,"column":4},"end":{"line":37,"column":null}},"7":{"start":{"line":41,"column":2},"end":{"line":49,"column":null}},"8":{"start":{"line":47,"column":8},"end":{"line":47,"column":null}}},"fnMap":{"0":{"name":"InicioPage","decl":{"start":{"line":8,"column":16},"end":{"line":8,"column":27}},"loc":{"start":{"line":8,"column":62},"end":{"line":51,"column":null}},"line":8},"1":{"name":"(anonymous_1)","decl":{"start":{"line":46,"column":19},"end":{"line":46,"column":20}},"loc":{"start":{"line":47,"column":8},"end":{"line":47,"column":null}},"line":47}},"branchMap":{"0":{"loc":{"start":{"line":11,"column":2},"end":{"line":17,"column":null}},"type":"if","locations":[{"start":{"line":11,"column":2},"end":{"line":17,"column":null}},{"start":{},"end":{}}],"line":11},"1":{"loc":{"start":{"line":19,"column":2},"end":{"line":27,"column":null}},"type":"if","locations":[{"start":{"line":19,"column":2},"end":{"line":27,"column":null}},{"start":{},"end":{}}],"line":19},"2":{"loc":{"start":{"line":29,"column":2},"end":{"line":39,"column":null}},"type":"if","locations":[{"start":{"line":29,"column":2},"end":{"line":39,"column":null}},{"start":{},"end":{}}],"line":29}},"s":{"0":7,"1":7,"2":4,"3":3,"4":1,"5":2,"6":1,"7":1,"8":1},"f":{"0":7,"1":1},"b":{"0":[4,3],"1":[1,2],"2":[1,1]},"meta":{"lastBranch":3,"lastFunction":2,"lastStatement":9,"seen":{"f:8:16:8:27":0,"s:9:34:9:Infinity":0,"b:11:2:17:Infinity:undefined:undefined:undefined:undefined":0,"s:11:2:17:Infinity":1,"s:12:4:15:Infinity":2,"b:19:2:27:Infinity:undefined:undefined:undefined:undefined":1,"s:19:2:27:Infinity":3,"s:20:4:25:Infinity":4,"b:29:2:39:Infinity:undefined:undefined:undefined:undefined":2,"s:29:2:39:Infinity":5,"s:30:4:37:Infinity":6,"s:41:2:49:Infinity":7,"f:46:19:46:20":1,"s:47:8:47:Infinity":8}}}
,"C:\\Local\\Code\\ai-tools\\medical-data-app\\src\\ui\\pages\\NuevoEventoPage.tsx": {"path":"C:\\Local\\Code\\ai-tools\\medical-data-app\\src\\ui\\pages\\NuevoEventoPage.tsx","statementMap":{"0":{"start":{"line":11,"column":28},"end":{"line":11,"column":null}},"1":{"start":{"line":12,"column":28},"end":{"line":12,"column":null}},"2":{"start":{"line":14,"column":23},"end":{"line":26,"column":null}},"3":{"start":{"line":15,"column":4},"end":{"line":15,"column":null}},"4":{"start":{"line":16,"column":4},"end":{"line":16,"column":null}},"5":{"start":{"line":17,"column":4},"end":{"line":25,"column":null}},"6":{"start":{"line":18,"column":6},"end":{"line":18,"column":null}},"7":{"start":{"line":19,"column":6},"end":{"line":19,"column":null}},"8":{"start":{"line":20,"column":6},"end":{"line":22,"column":null}},"9":{"start":{"line":21,"column":8},"end":{"line":21,"column":null}},"10":{"start":{"line":24,"column":6},"end":{"line":24,"column":null}},"11":{"start":{"line":28,"column":2},"end":{"line":36,"column":null}}},"fnMap":{"0":{"name":"NuevoEventoPage","decl":{"start":{"line":10,"column":16},"end":{"line":10,"column":32}},"loc":{"start":{"line":10,"column":69},"end":{"line":38,"column":null}},"line":10},"1":{"name":"(anonymous_1)","decl":{"start":{"line":14,"column":23},"end":{"line":14,"column":30}},"loc":{"start":{"line":14,"column":65},"end":{"line":26,"column":null}},"line":14},"2":{"name":"(anonymous_2)","decl":{"start":{"line":20,"column":17},"end":{"line":20,"column":23}},"loc":{"start":{"line":20,"column":23},"end":{"line":22,"column":9}},"line":20}},"branchMap":{"0":{"loc":{"start":{"line":30,"column":7},"end":{"line":33,"column":null}},"type":"binary-expr","locations":[{"start":{"line":30,"column":7},"end":{"line":30,"column":null}},{"start":{"line":31,"column":8},"end":{"line":33,"column":null}}],"line":30}},"s":{"0":4,"1":4,"2":4,"3":1,"4":1,"5":1,"6":1,"7":1,"8":1,"9":0,"10":1,"11":4},"f":{"0":4,"1":1,"2":0},"b":{"0":[4,1]},"meta":{"lastBranch":1,"lastFunction":3,"lastStatement":12,"seen":{"f:10:16:10:32":0,"s:11:28:11:Infinity":0,"s:12:28:12:Infinity":1,"s:14:23:26:Infinity":2,"f:14:23:14:30":1,"s:15:4:15:Infinity":3,"s:16:4:16:Infinity":4,"s:17:4:25:Infinity":5,"s:18:6:18:Infinity":6,"s:19:6:19:Infinity":7,"s:20:6:22:Infinity":8,"f:20:17:20:23":2,"s:21:8:21:Infinity":9,"s:24:6:24:Infinity":10,"s:28:2:36:Infinity":11,"b:30:7:30:Infinity:31:8:33:Infinity":0}}}
}
